#
# There is insufficient memory for the Java Runtime Environment to continue.
# Native memory allocation (malloc) failed to allocate 962096 bytes for Chunk::new
# Possible reasons:
#   The system is out of physical RAM or swap space
#   In 32 bit mode, the process size limit was hit
# Possible solutions:
#   Reduce memory load on the system
#   Increase physical memory or swap space
#   Check if swap backing store is full
#   Use 64 bit Java on a 64 bit OS
#   Decrease Java heap size (-Xmx/-Xms)
#   Decrease number of Java threads
#   Decrease Java thread stack sizes (-Xss)
#   Set larger code cache with -XX:ReservedCodeCacheSize=
# This output file may be truncated or incomplete.
#
#  Out of Memory Error (allocation.cpp:323), pid=3944, tid=8172
#
# JRE version: Java(TM) SE Runtime Environment (7.0_79-b15) (build 1.7.0_79-b15)
# Java VM: Java HotSpot(TM) 64-Bit Server VM (24.79-b02 mixed mode windows-amd64 compressed oops)
# Failed to write core dump. Minidumps are not enabled by default on client versions of Windows
#

---------------  T H R E A D  ---------------

Current thread (0x0000000008a4a800):  JavaThread "C2 CompilerThread0" daemon [_thread_in_native, id=8172, stack(0x0000000009fb0000,0x000000000a0b0000)]

Stack: [0x0000000009fb0000,0x000000000a0b0000]

Current CompileTask:
C2:   4500  242             com.android.dx.ssa.Dominators::run (506 bytes)


---------------  P R O C E S S  ---------------

Java Threads: ( => current thread )
  0x000000000a6dd000 JavaThread "pool-2-thread-4" [_thread_blocked, id=4624, stack(0x000000000ae90000,0x000000000af90000)]
  0x000000000a6db800 JavaThread "pool-2-thread-3" [_thread_blocked, id=7760, stack(0x000000000ad90000,0x000000000ae90000)]
  0x000000000a6d8800 JavaThread "pool-2-thread-2" [_thread_blocked, id=7764, stack(0x000000000ac90000,0x000000000ad90000)]
  0x000000000a6d6000 JavaThread "pool-3-thread-1" [_thread_blocked, id=1420, stack(0x000000000ab90000,0x000000000ac90000)]
  0x000000000a69b800 JavaThread "pool-2-thread-1" [_thread_blocked, id=6092, stack(0x000000000aa90000,0x000000000ab90000)]
  0x0000000008a58000 JavaThread "Service Thread" daemon [_thread_blocked, id=6816, stack(0x000000000a1b0000,0x000000000a2b0000)]
  0x0000000008a51000 JavaThread "C2 CompilerThread1" daemon [_thread_in_native, id=7852, stack(0x000000000a0b0000,0x000000000a1b0000)]
=>0x0000000008a4a800 JavaThread "C2 CompilerThread0" daemon [_thread_in_native, id=8172, stack(0x0000000009fb0000,0x000000000a0b0000)]
  0x0000000008a49800 JavaThread "Attach Listener" daemon [_thread_blocked, id=7056, stack(0x0000000009eb0000,0x0000000009fb0000)]
  0x0000000008a46800 JavaThread "Signal Dispatcher" daemon [_thread_blocked, id=8100, stack(0x0000000009db0000,0x0000000009eb0000)]
  0x0000000008a0e800 JavaThread "Finalizer" daemon [_thread_blocked, id=6416, stack(0x0000000009cb0000,0x0000000009db0000)]
  0x0000000008a05800 JavaThread "Reference Handler" daemon [_thread_blocked, id=3848, stack(0x0000000009bb0000,0x0000000009cb0000)]
  0x00000000015a0800 JavaThread "main" [_thread_in_Java, id=4848, stack(0x00000000014a0000,0x00000000015a0000)]

Other Threads:
  0x0000000008a01800 VMThread [stack: 0x0000000009ab0000,0x0000000009bb0000] [id=7404]
  0x0000000008a62000 WatcherThread [stack: 0x000000000a2b0000,0x000000000a3b0000] [id=5784]

VM state:not at safepoint (normal execution)

VM Mutex/Monitor currently owned by a thread: None

Heap
 PSYoungGen      total 61440K, used 14314K [0x00000000eaa80000, 0x00000000f2b80000, 0x0000000100000000)
  eden space 59392K, 20% used [0x00000000eaa80000,0x00000000eb67f528,0x00000000ee480000)
  from space 2048K, 99% used [0x00000000ee480000,0x00000000ee67b698,0x00000000ee680000)
  to   space 6656K, 0% used [0x00000000f2500000,0x00000000f2500000,0x00000000f2b80000)
 ParOldGen       total 37376K, used 6580K [0x00000000c0000000, 0x00000000c2480000, 0x00000000eaa80000)
  object space 37376K, 17% used [0x00000000c0000000,0x00000000c066d1b8,0x00000000c2480000)
 PSPermGen       total 21504K, used 5906K [0x00000000bae00000, 0x00000000bc300000, 0x00000000c0000000)
  object space 21504K, 27% used [0x00000000bae00000,0x00000000bb3c4a78,0x00000000bc300000)

Card table byte_map: [0x0000000001760000,0x0000000001990000] byte_map_base: 0x0000000001189000

Polling page: 0x0000000001050000

Code Cache  [0x0000000003400000, 0x0000000003670000, 0x0000000006400000)
 total_blobs=491 nmethods=255 adapters=189 free_code_cache=48280Kb largest_free_block=49413120

Compilation events (10 events):
Event: 3.843 Thread 0x0000000008a51000 nmethod 250 0x00000000034c6510 code [0x00000000034c66a0, 0x00000000034c6b90]
Event: 3.843 Thread 0x0000000008a51000  251             com.android.dx.dex.code.OutputFinisher::updateInfo (44 bytes)
Event: 3.856 Thread 0x0000000008a51000 nmethod 251 0x00000000034c5f50 code [0x00000000034c60c0, 0x00000000034c6288]
Event: 3.856 Thread 0x0000000008a51000  252             com.android.dx.dex.code.OutputCollector::add (9 bytes)
Event: 3.858 Thread 0x0000000008a51000 nmethod 252 0x00000000034c37d0 code [0x00000000034c3920, 0x00000000034c39a8]
Event: 3.858 Thread 0x0000000008a51000  253             java.util.Arrays::hashCode (56 bytes)
Event: 3.864 Thread 0x0000000008a51000 nmethod 253 0x00000000034c2090 code [0x00000000034c21e0, 0x00000000034c2338]
Event: 3.864 Thread 0x0000000008a51000  254             com.android.dx.rop.code.RegisterSpecList::set (7 bytes)
Event: 3.868 Thread 0x0000000008a51000 nmethod 254 0x00000000034de810 code [0x00000000034de960, 0x00000000034dea58]
Event: 3.868 Thread 0x0000000008a51000  255             com.android.dx.ssa.SCCP::simulateBranch (666 bytes)

GC Heap History (10 events):
Event: 0.971 GC heap before
{Heap before GC invocations=1 (full 0):
 PSYoungGen      total 16896K, used 14848K [0x00000000eaa80000, 0x00000000ebd00000, 0x0000000100000000)
  eden space 14848K, 100% used [0x00000000eaa80000,0x00000000eb900000,0x00000000eb900000)
  from space 2048K, 0% used [0x00000000ebb00000,0x00000000ebb00000,0x00000000ebd00000)
  to   space 2048K, 0% used [0x00000000eb900000,0x00000000eb900000,0x00000000ebb00000)
 ParOldGen       total 37376K, used 0K [0x00000000c0000000, 0x00000000c2480000, 0x00000000eaa80000)
  object space 37376K, 0% used [0x00000000c0000000,0x00000000c0000000,0x00000000c2480000)
 PSPermGen       total 21504K, used 3296K [0x00000000bae00000, 0x00000000bc300000, 0x00000000c0000000)
  object space 21504K, 15% used [0x00000000bae00000,0x00000000bb138330,0x00000000bc300000)
Event: 0.981 GC heap after
Heap after GC invocations=1 (full 0):
 PSYoungGen      total 16896K, used 2039K [0x00000000eaa80000, 0x00000000ecb80000, 0x0000000100000000)
  eden space 14848K, 0% used [0x00000000eaa80000,0x00000000eaa80000,0x00000000eb900000)
  from space 2048K, 99% used [0x00000000eb900000,0x00000000ebafdef8,0x00000000ebb00000)
  to   space 2048K, 0% used [0x00000000ec980000,0x00000000ec980000,0x00000000ecb80000)
 ParOldGen       total 37376K, used 720K [0x00000000c0000000, 0x00000000c2480000, 0x00000000eaa80000)
  object space 37376K, 1% used [0x00000000c0000000,0x00000000c00b40e0,0x00000000c2480000)
 PSPermGen       total 21504K, used 3296K [0x00000000bae00000, 0x00000000bc300000, 0x00000000c0000000)
  object space 21504K, 15% used [0x00000000bae00000,0x00000000bb138330,0x00000000bc300000)
}
Event: 1.090 GC heap before
{Heap before GC invocations=2 (full 0):
 PSYoungGen      total 16896K, used 16887K [0x00000000eaa80000, 0x00000000ecb80000, 0x0000000100000000)
  eden space 14848K, 100% used [0x00000000eaa80000,0x00000000eb900000,0x00000000eb900000)
  from space 2048K, 99% used [0x00000000eb900000,0x00000000ebafdef8,0x00000000ebb00000)
  to   space 2048K, 0% used [0x00000000ec980000,0x00000000ec980000,0x00000000ecb80000)
 ParOldGen       total 37376K, used 720K [0x00000000c0000000, 0x00000000c2480000, 0x00000000eaa80000)
  object space 37376K, 1% used [0x00000000c0000000,0x00000000c00b40e0,0x00000000c2480000)
 PSPermGen       total 21504K, used 3297K [0x00000000bae00000, 0x00000000bc300000, 0x00000000c0000000)
  object space 21504K, 15% used [0x00000000bae00000,0x00000000bb138700,0x00000000bc300000)
Event: 1.102 GC heap after
Heap after GC invocations=2 (full 0):
 PSYoungGen      total 31744K, used 2039K [0x00000000eaa80000, 0x00000000ecb80000, 0x0000000100000000)
  eden space 29696K, 0% used [0x00000000eaa80000,0x00000000eaa80000,0x00000000ec780000)
  from space 2048K, 99% used [0x00000000ec980000,0x00000000ecb7def8,0x00000000ecb80000)
  to   space 2048K, 0% used [0x00000000ec780000,0x00000000ec780000,0x00000000ec980000)
 ParOldGen       total 37376K, used 744K [0x00000000c0000000, 0x00000000c2480000, 0x00000000eaa80000)
  object space 37376K, 1% used [0x00000000c0000000,0x00000000c00ba0e0,0x00000000c2480000)
 PSPermGen       total 21504K, used 3297K [0x00000000bae00000, 0x00000000bc300000, 0x00000000c0000000)
  object space 21504K, 15% used [0x00000000bae00000,0x00000000bb138700,0x00000000bc300000)
}
Event: 1.180 GC heap before
{Heap before GC invocations=3 (full 0):
 PSYoungGen      total 31744K, used 31735K [0x00000000eaa80000, 0x00000000ecb80000, 0x0000000100000000)
  eden space 29696K, 100% used [0x00000000eaa80000,0x00000000ec780000,0x00000000ec780000)
  from space 2048K, 99% used [0x00000000ec980000,0x00000000ecb7def8,0x00000000ecb80000)
  to   space 2048K, 0% used [0x00000000ec780000,0x00000000ec780000,0x00000000ec980000)
 ParOldGen       total 37376K, used 744K [0x00000000c0000000, 0x00000000c2480000, 0x00000000eaa80000)
  object space 37376K, 1% used [0x00000000c0000000,0x00000000c00ba0e0,0x00000000c2480000)
 PSPermGen       total 21504K, used 3297K [0x00000000bae00000, 0x00000000bc300000, 0x00000000c0000000)
  object space 21504K, 15% used [0x00000000bae00000,0x00000000bb138700,0x00000000bc300000)
Event: 1.187 GC heap after
Heap after GC invocations=3 (full 0):
 PSYoungGen      total 31744K, used 2023K [0x00000000eaa80000, 0x00000000ee880000, 0x0000000100000000)
  eden space 29696K, 0% used [0x00000000eaa80000,0x00000000eaa80000,0x00000000ec780000)
  from space 2048K, 98% used [0x00000000ec780000,0x00000000ec979f08,0x00000000ec980000)
  to   space 2048K, 0% used [0x00000000ee680000,0x00000000ee680000,0x00000000ee880000)
 ParOldGen       total 37376K, used 768K [0x00000000c0000000, 0x00000000c2480000, 0x00000000eaa80000)
  object space 37376K, 2% used [0x00000000c0000000,0x00000000c00c00e0,0x00000000c2480000)
 PSPermGen       total 21504K, used 3297K [0x00000000bae00000, 0x00000000bc300000, 0x00000000c0000000)
  object space 21504K, 15% used [0x00000000bae00000,0x00000000bb138700,0x00000000bc300000)
}
Event: 1.242 GC heap before
{Heap before GC invocations=4 (full 0):
 PSYoungGen      total 31744K, used 31719K [0x00000000eaa80000, 0x00000000ee880000, 0x0000000100000000)
  eden space 29696K, 100% used [0x00000000eaa80000,0x00000000ec780000,0x00000000ec780000)
  from space 2048K, 98% used [0x00000000ec780000,0x00000000ec979f08,0x00000000ec980000)
  to   space 2048K, 0% used [0x00000000ee680000,0x00000000ee680000,0x00000000ee880000)
 ParOldGen       total 37376K, used 768K [0x00000000c0000000, 0x00000000c2480000, 0x00000000eaa80000)
  object space 37376K, 2% used [0x00000000c0000000,0x00000000c00c00e0,0x00000000c2480000)
 PSPermGen       total 21504K, used 3300K [0x00000000bae00000, 0x00000000bc300000, 0x00000000c0000000)
  object space 21504K, 15% used [0x00000000bae00000,0x00000000bb1390e0,0x00000000bc300000)
Event: 1.248 GC heap after
Heap after GC invocations=4 (full 0):
 PSYoungGen      total 61440K, used 2023K [0x00000000eaa80000, 0x00000000ee880000, 0x0000000100000000)
  eden space 59392K, 0% used [0x00000000eaa80000,0x00000000eaa80000,0x00000000ee480000)
  from space 2048K, 98% used [0x00000000ee680000,0x00000000ee879f08,0x00000000ee880000)
  to   space 2048K, 0% used [0x00000000ee480000,0x00000000ee480000,0x00000000ee680000)
 ParOldGen       total 37376K, used 776K [0x00000000c0000000, 0x00000000c2480000, 0x00000000eaa80000)
  object space 37376K, 2% used [0x00000000c0000000,0x00000000c00c20e0,0x00000000c2480000)
 PSPermGen       total 21504K, used 3300K [0x00000000bae00000, 0x00000000bc300000, 0x00000000c0000000)
  object space 21504K, 15% used [0x00000000bae00000,0x00000000bb1390e0,0x00000000bc300000)
}
Event: 3.369 GC heap before
{Heap before GC invocations=5 (full 0):
 PSYoungGen      total 61440K, used 61415K [0x00000000eaa80000, 0x00000000ee880000, 0x0000000100000000)
  eden space 59392K, 100% used [0x00000000eaa80000,0x00000000ee480000,0x00000000ee480000)
  from space 2048K, 98% used [0x00000000ee680000,0x00000000ee879f08,0x00000000ee880000)
  to   space 2048K, 0% used [0x00000000ee480000,0x00000000ee480000,0x00000000ee680000)
 ParOldGen       total 37376K, used 776K [0x00000000c0000000, 0x00000000c2480000, 0x00000000eaa80000)
  object space 37376K, 2% used [0x00000000c0000000,0x00000000c00c20e0,0x00000000c2480000)
 PSPermGen       total 21504K, used 5863K [0x00000000bae00000, 0x00000000bc300000, 0x00000000c0000000)
  object space 21504K, 27% used [0x00000000bae00000,0x00000000bb3b9fc0,0x00000000bc300000)
Event: 3.401 GC heap after
Heap after GC invocations=5 (full 0):
 PSYoungGen      total 61440K, used 2029K [0x00000000eaa80000, 0x00000000f2b80000, 0x0000000100000000)
  eden space 59392K, 0% used [0x00000000eaa80000,0x00000000eaa80000,0x00000000ee480000)
  from space 2048K, 99% used [0x00000000ee480000,0x00000000ee67b698,0x00000000ee680000)
  to   space 6656K, 0% used [0x00000000f2500000,0x00000000f2500000,0x00000000f2b80000)
 ParOldGen       total 37376K, used 6580K [0x00000000c0000000, 0x00000000c2480000, 0x00000000eaa80000)
  object space 37376K, 17% used [0x00000000c0000000,0x00000000c066d1b8,0x00000000c2480000)
 PSPermGen       total 21504K, used 5863K [0x00000000bae00000, 0x00000000bc300000, 0x00000000c0000000)
  object space 21504K, 27% used [0x00000000bae00000,0x00000000bb3b9fc0,0x00000000bc300000)
}

Deoptimization events (3 events):
Event: 2.477 Thread 0x000000000a6dd000 Uncommon trap: reason=predicate action=maybe_recompile pc=0x0000000003477a0c method=java.util.TimSort.binarySort([Ljava/lang/Object;IIILjava/util/Comparator;)V @ 76
Event: 2.651 Thread 0x00000000015a0800 Uncommon trap: reason=unreached action=reinterpret pc=0x000000000347e584 method=com.android.dx.rop.cst.Constant.compareTo(Lcom/android/dx/rop/cst/Constant;)I @ 12
Event: 2.850 Thread 0x000000000a69b800 Uncommon trap: reason=null_check action=make_not_entrant pc=0x00000000034a4bd0 method=com.android.dx.rop.type.Type.equals(Ljava/lang/Object;)Z @ 8

Internal exceptions (10 events):
Event: 2.010 Thread 0x000000000a6dd000 Threw 0x00000000ed190628 at C:\re\jdk7u79\2331\hotspot\src\share\vm\prims\jvm.cpp:1304
Event: 2.127 Thread 0x000000000a6dd000 Threw 0x00000000ed1b4c50 at C:\re\jdk7u79\2331\hotspot\src\share\vm\prims\jvm.cpp:1304
Event: 2.159 Thread 0x000000000a6db800 Threw 0x00000000ed535a20 at C:\re\jdk7u79\2331\hotspot\src\share\vm\prims\jvm.cpp:1304
Event: 2.161 Thread 0x000000000a6db800 Threw 0x00000000ed53b038 at C:\re\jdk7u79\2331\hotspot\src\share\vm\prims\jvm.cpp:1304
Event: 2.163 Thread 0x000000000a6db800 Threw 0x00000000ed5403d8 at C:\re\jdk7u79\2331\hotspot\src\share\vm\prims\jvm.cpp:1304
Event: 2.218 Thread 0x00000000015a0800 Threw 0x00000000ed6a6488 at C:\re\jdk7u79\2331\hotspot\src\share\vm\prims\jvm.cpp:1304
Event: 2.682 Thread 0x000000000a6db800 Threw 0x00000000edb109e8 at C:\re\jdk7u79\2331\hotspot\src\share\vm\prims\jvm.cpp:1304
Event: 2.850 Thread 0x000000000a69b800 Implicit null exception at 0x00000000034a4ad2 to 0x00000000034a4bc2
Event: 2.975 Thread 0x000000000a6dd000 Threw 0x00000000ee030fb8 at C:\re\jdk7u79\2331\hotspot\src\share\vm\prims\jvm.cpp:1304
Event: 3.560 Thread 0x00000000015a0800 Threw 0x00000000eaba5980 at C:\re\jdk7u79\2331\hotspot\src\share\vm\prims\jvm.cpp:1304

Events (10 events):
Event: 3.368 Executing VM operation: ParallelGCFailedAllocation
Event: 3.402 Executing VM operation: ParallelGCFailedAllocation done
Event: 3.560 loading class 0x000000000a698da0
Event: 3.560 loading class 0x000000000a698da0 done
Event: 3.575 loading class 0x00000000016179c0
Event: 3.575 loading class 0x00000000016179c0 done
Event: 3.575 loading class 0x0000000001617990
Event: 3.575 loading class 0x0000000001617990 done
Event: 4.259 Executing VM operation: EnableBiasedLocking
Event: 4.259 Executing VM operation: EnableBiasedLocking done


Dynamic libraries:
0x000007f622db0000 - 0x000007f622de3000 	C:\Program Files\Java\jdk1.7.0_79\bin\java.exe
0x000007f8791c0000 - 0x000007f87937e000 	C:\Windows\SYSTEM32\ntdll.dll
0x000007f877440000 - 0x000007f877577000 	C:\Windows\system32\KERNEL32.DLL
0x000007f876490000 - 0x000007f876584000 	C:\Windows\system32\KERNELBASE.dll
0x000007f877b50000 - 0x000007f877c2e000 	C:\Windows\system32\ADVAPI32.dll
0x000007f876bd0000 - 0x000007f876d1c000 	C:\Windows\system32\USER32.dll
0x000007f873b40000 - 0x000007f873daa000 	C:\Windows\WinSxS\amd64_microsoft.windows.common-controls_6595b64144ccf1df_6.0.9200.17359_none_4188b989718cf1c6\COMCTL32.dll
0x000007f876590000 - 0x000007f876635000 	C:\Windows\system32\msvcrt.dll
0x000007f876950000 - 0x000007f876998000 	C:\Windows\SYSTEM32\sechost.dll
0x000007f876800000 - 0x000007f876945000 	C:\Windows\system32\RPCRT4.dll
0x000007f877880000 - 0x000007f8779c1000 	C:\Windows\system32\GDI32.dll
0x000007f8771e0000 - 0x000007f877219000 	C:\Windows\system32\IMM32.DLL
0x000007f8766e0000 - 0x000007f8767f5000 	C:\Windows\system32\MSCTF.dll
0x0000000075650000 - 0x0000000075722000 	C:\Program Files\Java\jdk1.7.0_79\jre\bin\msvcr100.dll
0x00000000764f0000 - 0x0000000076cc5000 	C:\Program Files\Java\jdk1.7.0_79\jre\bin\server\jvm.dll
0x000007f8713f0000 - 0x000007f8713f9000 	C:\Windows\SYSTEM32\WSOCK32.dll
0x000007f867080000 - 0x000007f8670a0000 	C:\Windows\SYSTEM32\WINMM.dll
0x000007f876f00000 - 0x000007f876f07000 	C:\Windows\system32\PSAPI.DLL
0x000007f876ea0000 - 0x000007f876ef8000 	C:\Windows\system32\WS2_32.dll
0x000007f867040000 - 0x000007f867073000 	C:\Windows\SYSTEM32\WINMMBASE.dll
0x000007f877420000 - 0x000007f877429000 	C:\Windows\system32\NSI.dll
0x000007f876120000 - 0x000007f87616f000 	C:\Windows\SYSTEM32\cfgmgr32.dll
0x000007f876170000 - 0x000007f876192000 	C:\Windows\system32\DEVOBJ.dll
0x0000000076400000 - 0x000000007640f000 	C:\Program Files\Java\jdk1.7.0_79\jre\bin\verify.dll
0x00000000763d0000 - 0x00000000763f8000 	C:\Program Files\Java\jdk1.7.0_79\jre\bin\java.dll
0x00000000763b0000 - 0x00000000763c5000 	C:\Program Files\Java\jdk1.7.0_79\jre\bin\zip.dll
0x0000000076390000 - 0x00000000763aa000 	C:\Program Files\Java\jdk1.7.0_79\jre\bin\net.dll
0x000007f875880000 - 0x000007f8758dc000 	C:\Windows\system32\mswsock.dll
0x0000000076370000 - 0x0000000076381000 	C:\Program Files\Java\jdk1.7.0_79\jre\bin\nio.dll

VM Arguments:
jvm_args: -Djava.awt.headless=true -Xmx1024M -Dfile.encoding=windows-1252 -Duser.country=US -Duser.language=en -Duser.variant 
java_command: com.android.dx.command.Main --dex --num-threads=4 --multi-dex --main-dex-list D:\Android\Location\app\build\intermediates\multi-dex\debug\maindexlist.txt --output D:\Android\Location\app\build\intermediates\transforms\dex\debug\folders\1000\1f\main D:\Android\Location\app\build\intermediates\transforms\jarMerging\debug\jars\1\1f\combined.jar
Launcher Type: SUN_STANDARD

Environment Variables:
JAVA_HOME=C:\Program Files\Java\jdk1.7.0_79
PATH=C:\Program Files\Java\jdk1.8.0_60\bin;C:\Program Files (x86)\Skype\Phone\
USERNAME=SAMSUNG
OS=Windows_NT
PROCESSOR_IDENTIFIER=AMD64 Family 22 Model 0 Stepping 1, AuthenticAMD



---------------  S Y S T E M  ---------------

OS: Windows 8 , 64 bit Build 9200 

CPU:total 4 (4 cores per cpu, 1 threads per core) family 22 model 0 stepping 1, cmov, cx8, fxsr, mmx, sse, sse2, sse3, ssse3, sse4.1, sse4.2, popcnt, avx, aes, mmxext, 3dnowpref, lzcnt, sse4a, tsc, tscinvbit, tscinv

Memory: 4k page, physical 3611460k(860644k free), swap 4920984k(5336k free)

vm_info: Java HotSpot(TM) 64-Bit Server VM (24.79-b02) for windows-amd64 JRE (1.7.0_79-b15), built on Apr 10 2015 12:36:16 by "java_re" with unknown MS VC++:1600

time: Wed Jun 21 13:23:30 2017
elapsed time: 4 seconds

