#
# There is insufficient memory for the Java Runtime Environment to continue.
# Native memory allocation (malloc) failed to allocate 945296 bytes for Chunk::new
# Possible reasons:
#   The system is out of physical RAM or swap space
#   In 32 bit mode, the process size limit was hit
# Possible solutions:
#   Reduce memory load on the system
#   Increase physical memory or swap space
#   Check if swap backing store is full
#   Use 64 bit Java on a 64 bit OS
#   Decrease Java heap size (-Xmx/-Xms)
#   Decrease number of Java threads
#   Decrease Java thread stack sizes (-Xss)
#   Set larger code cache with -XX:ReservedCodeCacheSize=
# This output file may be truncated or incomplete.
#
#  Out of Memory Error (allocation.cpp:323), pid=8112, tid=5196
#
# JRE version: Java(TM) SE Runtime Environment (7.0_79-b15) (build 1.7.0_79-b15)
# Java VM: Java HotSpot(TM) 64-Bit Server VM (24.79-b02 mixed mode windows-amd64 compressed oops)
# Failed to write core dump. Minidumps are not enabled by default on client versions of Windows
#

---------------  T H R E A D  ---------------

Current thread (0x0000000008827800):  JavaThread "C2 CompilerThread1" daemon [_thread_in_native, id=5196, stack(0x0000000009d90000,0x0000000009e90000)]

Stack: [0x0000000009d90000,0x0000000009e90000]

Current CompileTask:
C2:   4479  243             com.android.dx.ssa.Dominators::run (506 bytes)


---------------  P R O C E S S  ---------------

Java Threads: ( => current thread )
  0x000000000a2ae800 JavaThread "pool-2-thread-4" [_thread_in_Java, id=6480, stack(0x000000000ab70000,0x000000000ac70000)]
  0x000000000a2ff800 JavaThread "pool-2-thread-3" [_thread_in_Java, id=2124, stack(0x000000000aa70000,0x000000000ab70000)]
  0x000000000a366800 JavaThread "pool-2-thread-2" [_thread_in_vm, id=7484, stack(0x000000000a970000,0x000000000aa70000)]
  0x000000000a389000 JavaThread "pool-3-thread-1" [_thread_blocked, id=4540, stack(0x000000000a870000,0x000000000a970000)]
  0x000000000a385000 JavaThread "pool-2-thread-1" [_thread_in_Java, id=2944, stack(0x000000000a770000,0x000000000a870000)]
  0x0000000008831000 JavaThread "Service Thread" daemon [_thread_blocked, id=8136, stack(0x0000000009e90000,0x0000000009f90000)]
=>0x0000000008827800 JavaThread "C2 CompilerThread1" daemon [_thread_in_native, id=5196, stack(0x0000000009d90000,0x0000000009e90000)]
  0x000000000881a800 JavaThread "C2 CompilerThread0" daemon [_thread_in_native, id=7448, stack(0x0000000009c90000,0x0000000009d90000)]
  0x0000000008819000 JavaThread "Attach Listener" daemon [_thread_blocked, id=6812, stack(0x0000000009b90000,0x0000000009c90000)]
  0x0000000008816000 JavaThread "Signal Dispatcher" daemon [_thread_blocked, id=780, stack(0x0000000009a90000,0x0000000009b90000)]
  0x00000000087de800 JavaThread "Finalizer" daemon [_thread_blocked, id=3948, stack(0x0000000009990000,0x0000000009a90000)]
  0x00000000087d5800 JavaThread "Reference Handler" daemon [_thread_blocked, id=7692, stack(0x0000000009890000,0x0000000009990000)]
  0x0000000001300800 JavaThread "main" [_thread_in_vm, id=6760, stack(0x0000000001160000,0x0000000001260000)]

Other Threads:
  0x00000000087d1800 VMThread [stack: 0x0000000009790000,0x0000000009890000] [id=6320]
  0x000000000883c800 WatcherThread [stack: 0x0000000009f90000,0x000000000a090000] [id=7720]

VM state:not at safepoint (normal execution)

VM Mutex/Monitor currently owned by a thread: None

Heap
 PSYoungGen      total 61440K, used 22073K [0x00000000eaa80000, 0x00000000ee880000, 0x0000000100000000)
  eden space 59392K, 33% used [0x00000000eaa80000,0x00000000ebe10478,0x00000000ee480000)
  from space 2048K, 99% used [0x00000000ee480000,0x00000000ee67dff8,0x00000000ee680000)
  to   space 2048K, 0% used [0x00000000ee680000,0x00000000ee680000,0x00000000ee880000)
 ParOldGen       total 37376K, used 6425K [0x00000000c0000000, 0x00000000c2480000, 0x00000000eaa80000)
  object space 37376K, 17% used [0x00000000c0000000,0x00000000c0646698,0x00000000c2480000)
 PSPermGen       total 21504K, used 5906K [0x00000000bae00000, 0x00000000bc300000, 0x00000000c0000000)
  object space 21504K, 27% used [0x00000000bae00000,0x00000000bb3c4998,0x00000000bc300000)

Card table byte_map: [0x00000000014c0000,0x00000000016f0000] byte_map_base: 0x0000000000ee9000

Polling page: 0x0000000000d80000

Code Cache  [0x0000000003400000, 0x0000000003670000, 0x0000000006400000)
 total_blobs=488 nmethods=252 adapters=189 free_code_cache=48275Kb largest_free_block=49405824

Compilation events (10 events):
Event: 3.780 Thread 0x000000000881a800 nmethod 247 0x00000000034c9ad0 code [0x00000000034c9c20, 0x00000000034c9d18]
Event: 3.780 Thread 0x000000000881a800  248             com.android.dx.ssa.SsaMethod::bitSetFromLabelList (47 bytes)
Event: 3.808 Thread 0x000000000881a800 nmethod 248 0x00000000034d2d50 code [0x00000000034d2ec0, 0x00000000034d32c8]
Event: 3.808 Thread 0x000000000881a800  249             java.util.ArrayList::ensureCapacity (28 bytes)
Event: 3.820 Thread 0x000000000881a800 nmethod 249 0x00000000034c9510 code [0x00000000034c9660, 0x00000000034c98c8]
Event: 3.820 Thread 0x000000000881a800  250   !         com.android.dx.rop.cst.StdConstantPool::get (24 bytes)
Event: 3.822 Thread 0x000000000881a800 nmethod 250 0x00000000034d1690 code [0x00000000034d17c0, 0x00000000034d1858]
Event: 3.822 Thread 0x000000000881a800  251   !         com.android.dx.rop.type.Type::intern (319 bytes)
Event: 3.892 Thread 0x000000000881a800 nmethod 251 0x00000000034de150 code [0x00000000034de340, 0x00000000034df1c0]
Event: 3.892 Thread 0x000000000881a800  252             com.android.dx.ssa.SCCP::simulateBranch (666 bytes)

GC Heap History (10 events):
Event: 0.969 GC heap before
{Heap before GC invocations=1 (full 0):
 PSYoungGen      total 16896K, used 14848K [0x00000000eaa80000, 0x00000000ebd00000, 0x0000000100000000)
  eden space 14848K, 100% used [0x00000000eaa80000,0x00000000eb900000,0x00000000eb900000)
  from space 2048K, 0% used [0x00000000ebb00000,0x00000000ebb00000,0x00000000ebd00000)
  to   space 2048K, 0% used [0x00000000eb900000,0x00000000eb900000,0x00000000ebb00000)
 ParOldGen       total 37376K, used 0K [0x00000000c0000000, 0x00000000c2480000, 0x00000000eaa80000)
  object space 37376K, 0% used [0x00000000c0000000,0x00000000c0000000,0x00000000c2480000)
 PSPermGen       total 21504K, used 3296K [0x00000000bae00000, 0x00000000bc300000, 0x00000000c0000000)
  object space 21504K, 15% used [0x00000000bae00000,0x00000000bb138330,0x00000000bc300000)
Event: 0.980 GC heap after
Heap after GC invocations=1 (full 0):
 PSYoungGen      total 16896K, used 2023K [0x00000000eaa80000, 0x00000000ecb80000, 0x0000000100000000)
  eden space 14848K, 0% used [0x00000000eaa80000,0x00000000eaa80000,0x00000000eb900000)
  from space 2048K, 98% used [0x00000000eb900000,0x00000000ebaf9f08,0x00000000ebb00000)
  to   space 2048K, 0% used [0x00000000ec980000,0x00000000ec980000,0x00000000ecb80000)
 ParOldGen       total 37376K, used 737K [0x00000000c0000000, 0x00000000c2480000, 0x00000000eaa80000)
  object space 37376K, 1% used [0x00000000c0000000,0x00000000c00b8440,0x00000000c2480000)
 PSPermGen       total 21504K, used 3296K [0x00000000bae00000, 0x00000000bc300000, 0x00000000c0000000)
  object space 21504K, 15% used [0x00000000bae00000,0x00000000bb138330,0x00000000bc300000)
}
Event: 1.084 GC heap before
{Heap before GC invocations=2 (full 0):
 PSYoungGen      total 16896K, used 16871K [0x00000000eaa80000, 0x00000000ecb80000, 0x0000000100000000)
  eden space 14848K, 100% used [0x00000000eaa80000,0x00000000eb900000,0x00000000eb900000)
  from space 2048K, 98% used [0x00000000eb900000,0x00000000ebaf9f08,0x00000000ebb00000)
  to   space 2048K, 0% used [0x00000000ec980000,0x00000000ec980000,0x00000000ecb80000)
 ParOldGen       total 37376K, used 737K [0x00000000c0000000, 0x00000000c2480000, 0x00000000eaa80000)
  object space 37376K, 1% used [0x00000000c0000000,0x00000000c00b8440,0x00000000c2480000)
 PSPermGen       total 21504K, used 3297K [0x00000000bae00000, 0x00000000bc300000, 0x00000000c0000000)
  object space 21504K, 15% used [0x00000000bae00000,0x00000000bb138700,0x00000000bc300000)
Event: 1.095 GC heap after
Heap after GC invocations=2 (full 0):
 PSYoungGen      total 31744K, used 2039K [0x00000000eaa80000, 0x00000000ecb80000, 0x0000000100000000)
  eden space 29696K, 0% used [0x00000000eaa80000,0x00000000eaa80000,0x00000000ec780000)
  from space 2048K, 99% used [0x00000000ec980000,0x00000000ecb7def8,0x00000000ecb80000)
  to   space 2048K, 0% used [0x00000000ec780000,0x00000000ec780000,0x00000000ec980000)
 ParOldGen       total 37376K, used 745K [0x00000000c0000000, 0x00000000c2480000, 0x00000000eaa80000)
  object space 37376K, 1% used [0x00000000c0000000,0x00000000c00ba440,0x00000000c2480000)
 PSPermGen       total 21504K, used 3297K [0x00000000bae00000, 0x00000000bc300000, 0x00000000c0000000)
  object space 21504K, 15% used [0x00000000bae00000,0x00000000bb138700,0x00000000bc300000)
}
Event: 1.172 GC heap before
{Heap before GC invocations=3 (full 0):
 PSYoungGen      total 31744K, used 31735K [0x00000000eaa80000, 0x00000000ecb80000, 0x0000000100000000)
  eden space 29696K, 100% used [0x00000000eaa80000,0x00000000ec780000,0x00000000ec780000)
  from space 2048K, 99% used [0x00000000ec980000,0x00000000ecb7def8,0x00000000ecb80000)
  to   space 2048K, 0% used [0x00000000ec780000,0x00000000ec780000,0x00000000ec980000)
 ParOldGen       total 37376K, used 745K [0x00000000c0000000, 0x00000000c2480000, 0x00000000eaa80000)
  object space 37376K, 1% used [0x00000000c0000000,0x00000000c00ba440,0x00000000c2480000)
 PSPermGen       total 21504K, used 3297K [0x00000000bae00000, 0x00000000bc300000, 0x00000000c0000000)
  object space 21504K, 15% used [0x00000000bae00000,0x00000000bb138700,0x00000000bc300000)
Event: 1.181 GC heap after
Heap after GC invocations=3 (full 0):
 PSYoungGen      total 31744K, used 2023K [0x00000000eaa80000, 0x00000000ee880000, 0x0000000100000000)
  eden space 29696K, 0% used [0x00000000eaa80000,0x00000000eaa80000,0x00000000ec780000)
  from space 2048K, 98% used [0x00000000ec780000,0x00000000ec979f08,0x00000000ec980000)
  to   space 2048K, 0% used [0x00000000ee680000,0x00000000ee680000,0x00000000ee880000)
 ParOldGen       total 37376K, used 745K [0x00000000c0000000, 0x00000000c2480000, 0x00000000eaa80000)
  object space 37376K, 1% used [0x00000000c0000000,0x00000000c00ba440,0x00000000c2480000)
 PSPermGen       total 21504K, used 3297K [0x00000000bae00000, 0x00000000bc300000, 0x00000000c0000000)
  object space 21504K, 15% used [0x00000000bae00000,0x00000000bb138700,0x00000000bc300000)
}
Event: 1.235 GC heap before
{Heap before GC invocations=4 (full 0):
 PSYoungGen      total 31744K, used 31719K [0x00000000eaa80000, 0x00000000ee880000, 0x0000000100000000)
  eden space 29696K, 100% used [0x00000000eaa80000,0x00000000ec780000,0x00000000ec780000)
  from space 2048K, 98% used [0x00000000ec780000,0x00000000ec979f08,0x00000000ec980000)
  to   space 2048K, 0% used [0x00000000ee680000,0x00000000ee680000,0x00000000ee880000)
 ParOldGen       total 37376K, used 745K [0x00000000c0000000, 0x00000000c2480000, 0x00000000eaa80000)
  object space 37376K, 1% used [0x00000000c0000000,0x00000000c00ba440,0x00000000c2480000)
 PSPermGen       total 21504K, used 3300K [0x00000000bae00000, 0x00000000bc300000, 0x00000000c0000000)
  object space 21504K, 15% used [0x00000000bae00000,0x00000000bb1390e0,0x00000000bc300000)
Event: 1.242 GC heap after
Heap after GC invocations=4 (full 0):
 PSYoungGen      total 61440K, used 2023K [0x00000000eaa80000, 0x00000000ee880000, 0x0000000100000000)
  eden space 59392K, 0% used [0x00000000eaa80000,0x00000000eaa80000,0x00000000ee480000)
  from space 2048K, 98% used [0x00000000ee680000,0x00000000ee879f08,0x00000000ee880000)
  to   space 2048K, 0% used [0x00000000ee480000,0x00000000ee480000,0x00000000ee680000)
 ParOldGen       total 37376K, used 745K [0x00000000c0000000, 0x00000000c2480000, 0x00000000eaa80000)
  object space 37376K, 1% used [0x00000000c0000000,0x00000000c00ba440,0x00000000c2480000)
 PSPermGen       total 21504K, used 3300K [0x00000000bae00000, 0x00000000bc300000, 0x00000000c0000000)
  object space 21504K, 15% used [0x00000000bae00000,0x00000000bb1390e0,0x00000000bc300000)
}
Event: 3.344 GC heap before
{Heap before GC invocations=5 (full 0):
 PSYoungGen      total 61440K, used 61415K [0x00000000eaa80000, 0x00000000ee880000, 0x0000000100000000)
  eden space 59392K, 100% used [0x00000000eaa80000,0x00000000ee480000,0x00000000ee480000)
  from space 2048K, 98% used [0x00000000ee680000,0x00000000ee879f08,0x00000000ee880000)
  to   space 2048K, 0% used [0x00000000ee480000,0x00000000ee480000,0x00000000ee680000)
 ParOldGen       total 37376K, used 745K [0x00000000c0000000, 0x00000000c2480000, 0x00000000eaa80000)
  object space 37376K, 1% used [0x00000000c0000000,0x00000000c00ba440,0x00000000c2480000)
 PSPermGen       total 21504K, used 5851K [0x00000000bae00000, 0x00000000bc300000, 0x00000000c0000000)
  object space 21504K, 27% used [0x00000000bae00000,0x00000000bb3b6fb0,0x00000000bc300000)
Event: 3.376 GC heap after
Heap after GC invocations=5 (full 0):
 PSYoungGen      total 61440K, used 2039K [0x00000000eaa80000, 0x00000000ee880000, 0x0000000100000000)
  eden space 59392K, 0% used [0x00000000eaa80000,0x00000000eaa80000,0x00000000ee480000)
  from space 2048K, 99% used [0x00000000ee480000,0x00000000ee67dff8,0x00000000ee680000)
  to   space 2048K, 0% used [0x00000000ee680000,0x00000000ee680000,0x00000000ee880000)
 ParOldGen       total 37376K, used 6425K [0x00000000c0000000, 0x00000000c2480000, 0x00000000eaa80000)
  object space 37376K, 17% used [0x00000000c0000000,0x00000000c0646698,0x00000000c2480000)
 PSPermGen       total 21504K, used 5851K [0x00000000bae00000, 0x00000000bc300000, 0x00000000c0000000)
  object space 21504K, 27% used [0x00000000bae00000,0x00000000bb3b6fb0,0x00000000bc300000)
}

Deoptimization events (7 events):
Event: 2.320 Thread 0x000000000a2ff800 Uncommon trap: reason=predicate action=maybe_recompile pc=0x000000000347884c method=java.util.TimSort.binarySort([Ljava/lang/Object;IIILjava/util/Comparator;)V @ 76
Event: 2.378 Thread 0x000000000a2ae800 Uncommon trap: reason=null_check action=make_not_entrant pc=0x000000000349540c method=com.android.dx.rop.code.LocalItem.equals(Ljava/lang/Object;)Z @ 1
Event: 2.786 Thread 0x000000000a2ae800 Uncommon trap: reason=class_check action=maybe_recompile pc=0x000000000349f850 method=com.android.dx.rop.type.Type.equals(Ljava/lang/Object;)Z @ 8
Event: 2.816 Thread 0x000000000a385000 Uncommon trap: reason=null_check action=make_not_entrant pc=0x000000000349f860 method=com.android.dx.rop.type.Type.equals(Ljava/lang/Object;)Z @ 8
Event: 3.809 Thread 0x000000000a2ff800 Uncommon trap: reason=unreached action=reinterpret pc=0x0000000003480744 method=com.android.dx.rop.cst.Constant.compareTo(Lcom/android/dx/rop/cst/Constant;)I @ 12
Event: 3.907 Thread 0x0000000001300800 Uncommon trap: reason=null_check action=make_not_entrant pc=0x00000000034def34 method=com.android.dx.rop.type.Type.putIntern(Lcom/android/dx/rop/type/Type;)Lcom/android/dx/rop/type/Type; @ 18
Event: 4.034 Thread 0x000000000a385000 Uncommon trap: reason=null_check action=make_not_entrant pc=0x00000000034d5758 method=com.android.dx.ssa.SsaRenamer.getLocalForNewReg(I)Lcom/android/dx/rop/code/LocalItem; @ 19

Internal exceptions (10 events):
Event: 2.194 Thread 0x0000000001300800 Threw 0x00000000ed52fda0 at C:\re\jdk7u79\2331\hotspot\src\share\vm\prims\jvm.cpp:1304
Event: 2.207 Thread 0x000000000a366800 Threw 0x00000000ed3fa680 at C:\re\jdk7u79\2331\hotspot\src\share\vm\prims\jvm.cpp:1304
Event: 2.210 Thread 0x000000000a366800 Threw 0x00000000ed3ffc98 at C:\re\jdk7u79\2331\hotspot\src\share\vm\prims\jvm.cpp:1304
Event: 2.212 Thread 0x000000000a366800 Threw 0x00000000ed405038 at C:\re\jdk7u79\2331\hotspot\src\share\vm\prims\jvm.cpp:1304
Event: 2.378 Thread 0x000000000a2ae800 Implicit null exception at 0x00000000034950ad to 0x00000000034953f9
Event: 2.536 Thread 0x0000000001300800 Threw 0x00000000eda50d38 at C:\re\jdk7u79\2331\hotspot\src\share\vm\prims\jvm.cpp:1304
Event: 2.816 Thread 0x000000000a385000 Implicit null exception at 0x000000000349f752 to 0x000000000349f851
Event: 3.296 Thread 0x0000000001300800 Threw 0x00000000ee3f12a8 at C:\re\jdk7u79\2331\hotspot\src\share\vm\prims\jvm.cpp:1304
Event: 3.907 Thread 0x0000000001300800 Implicit null exception at 0x00000000034de857 to 0x00000000034def25
Event: 4.034 Thread 0x000000000a385000 Implicit null exception at 0x00000000034d4390 to 0x00000000034d5721

Events (10 events):
Event: 3.809 Thread 0x000000000a2ff800 DEOPT PACKING pc=0x0000000003480744 sp=0x000000000ab6e960
Event: 3.809 Thread 0x000000000a2ff800 DEOPT UNPACKING pc=0x0000000003439064 sp=0x000000000ab6e900 mode 2
Event: 3.907 Thread 0x0000000001300800 Uncommon trap: trap_request=0xfffffff4 fr.pc=0x00000000034def34
Event: 3.907 Thread 0x0000000001300800 DEOPT PACKING pc=0x00000000034def34 sp=0x000000000125e870
Event: 3.907 Thread 0x0000000001300800 DEOPT UNPACKING pc=0x0000000003439064 sp=0x000000000125e790 mode 2
Event: 4.034 Thread 0x000000000a385000 Uncommon trap: trap_request=0xfffffff4 fr.pc=0x00000000034d5758
Event: 4.035 Thread 0x000000000a385000 DEOPT PACKING pc=0x00000000034d5758 sp=0x000000000a86ee30
Event: 4.035 Thread 0x000000000a385000 DEOPT UNPACKING pc=0x0000000003439064 sp=0x000000000a86ebc8 mode 2
Event: 4.271 Executing VM operation: EnableBiasedLocking
Event: 4.275 Executing VM operation: EnableBiasedLocking done


Dynamic libraries:
0x000007f622db0000 - 0x000007f622de3000 	C:\Program Files\Java\jdk1.7.0_79\bin\java.exe
0x000007f8791c0000 - 0x000007f87937e000 	C:\Windows\SYSTEM32\ntdll.dll
0x000007f877440000 - 0x000007f877577000 	C:\Windows\system32\KERNEL32.DLL
0x000007f876490000 - 0x000007f876584000 	C:\Windows\system32\KERNELBASE.dll
0x000007f877b50000 - 0x000007f877c2e000 	C:\Windows\system32\ADVAPI32.dll
0x000007f876bd0000 - 0x000007f876d1c000 	C:\Windows\system32\USER32.dll
0x000007f873b40000 - 0x000007f873daa000 	C:\Windows\WinSxS\amd64_microsoft.windows.common-controls_6595b64144ccf1df_6.0.9200.17359_none_4188b989718cf1c6\COMCTL32.dll
0x000007f876590000 - 0x000007f876635000 	C:\Windows\system32\msvcrt.dll
0x000007f876950000 - 0x000007f876998000 	C:\Windows\SYSTEM32\sechost.dll
0x000007f876800000 - 0x000007f876945000 	C:\Windows\system32\RPCRT4.dll
0x000007f877880000 - 0x000007f8779c1000 	C:\Windows\system32\GDI32.dll
0x000007f8771e0000 - 0x000007f877219000 	C:\Windows\system32\IMM32.DLL
0x000007f8766e0000 - 0x000007f8767f5000 	C:\Windows\system32\MSCTF.dll
0x0000000075650000 - 0x0000000075722000 	C:\Program Files\Java\jdk1.7.0_79\jre\bin\msvcr100.dll
0x00000000764f0000 - 0x0000000076cc5000 	C:\Program Files\Java\jdk1.7.0_79\jre\bin\server\jvm.dll
0x000007f8713f0000 - 0x000007f8713f9000 	C:\Windows\SYSTEM32\WSOCK32.dll
0x000007f867080000 - 0x000007f8670a0000 	C:\Windows\SYSTEM32\WINMM.dll
0x000007f876f00000 - 0x000007f876f07000 	C:\Windows\system32\PSAPI.DLL
0x000007f876ea0000 - 0x000007f876ef8000 	C:\Windows\system32\WS2_32.dll
0x000007f867040000 - 0x000007f867073000 	C:\Windows\SYSTEM32\WINMMBASE.dll
0x000007f877420000 - 0x000007f877429000 	C:\Windows\system32\NSI.dll
0x000007f876120000 - 0x000007f87616f000 	C:\Windows\SYSTEM32\cfgmgr32.dll
0x000007f876170000 - 0x000007f876192000 	C:\Windows\system32\DEVOBJ.dll
0x0000000076400000 - 0x000000007640f000 	C:\Program Files\Java\jdk1.7.0_79\jre\bin\verify.dll
0x00000000763d0000 - 0x00000000763f8000 	C:\Program Files\Java\jdk1.7.0_79\jre\bin\java.dll
0x00000000763b0000 - 0x00000000763c5000 	C:\Program Files\Java\jdk1.7.0_79\jre\bin\zip.dll
0x0000000076390000 - 0x00000000763aa000 	C:\Program Files\Java\jdk1.7.0_79\jre\bin\net.dll
0x000007f875880000 - 0x000007f8758dc000 	C:\Windows\system32\mswsock.dll
0x0000000076370000 - 0x0000000076381000 	C:\Program Files\Java\jdk1.7.0_79\jre\bin\nio.dll

VM Arguments:
jvm_args: -Djava.awt.headless=true -Xmx1024M -Dfile.encoding=windows-1252 -Duser.country=US -Duser.language=en -Duser.variant 
java_command: com.android.dx.command.Main --dex --num-threads=4 --multi-dex --main-dex-list D:\Android\Location\app\build\intermediates\multi-dex\debug\maindexlist.txt --output D:\Android\Location\app\build\intermediates\transforms\dex\debug\folders\1000\1f\main D:\Android\Location\app\build\intermediates\transforms\jarMerging\debug\jars\1\1f\combined.jar
Launcher Type: SUN_STANDARD

Environment Variables:
JAVA_HOME=C:\Program Files\Java\jdk1.7.0_79
PATH=C:\Program Files\Java\jdk1.8.0_60\bin;C:\Program Files (x86)\Skype\Phone\
USERNAME=SAMSUNG
OS=Windows_NT
PROCESSOR_IDENTIFIER=AMD64 Family 22 Model 0 Stepping 1, AuthenticAMD



---------------  S Y S T E M  ---------------

OS: Windows 8 , 64 bit Build 9200 

CPU:total 4 (4 cores per cpu, 1 threads per core) family 22 model 0 stepping 1, cmov, cx8, fxsr, mmx, sse, sse2, sse3, ssse3, sse4.1, sse4.2, popcnt, avx, aes, mmxext, 3dnowpref, lzcnt, sse4a, tsc, tscinvbit, tscinv

Memory: 4k page, physical 3611460k(676420k free), swap 4920984k(5376k free)

vm_info: Java HotSpot(TM) 64-Bit Server VM (24.79-b02) for windows-amd64 JRE (1.7.0_79-b15), built on Apr 10 2015 12:36:16 by "java_re" with unknown MS VC++:1600

time: Wed Jun 21 13:26:55 2017
elapsed time: 4 seconds

